-------------------------------------------------------------------------------
Test set: org.dhanjyothi.RegisterServiceImplTest
-------------------------------------------------------------------------------
Tests run: 2, Failures: 1, Errors: 0, Skipped: 0, Time elapsed: 0.703 sec <<< FAILURE! - in org.dhanjyothi.RegisterServiceImplTest
testSaveRegister(org.dhanjyothi.RegisterServiceImplTest)  Time elapsed: 0.09 sec  <<< FAILURE!
java.lang.AssertionError: expected:<1> but was:<3>
	at org.dhanjyothi.RegisterServiceImplTest.testSaveRegister(RegisterServiceImplTest.java:52)

