<?xml version="1.0" encoding="UTF-8"?>
<testsuite xmlns:xsi="http://www.w3.org/2001/XMLSchema-instance" xsi:schemaLocation="https://maven.apache.org/surefire/maven-surefire-plugin/xsd/surefire-test-report.xsd" name="org.dhanjyothi.RegisterServiceImplTest" time="0.703" tests="2" errors="0" skipped="0" failures="1">
  <properties>
[...]
</properties>
  <testcase name="testGetAllCustomers" classname="org.dhanjyothi.RegisterServiceImplTest" time="0.609"/>
  <testcase name="testSaveRegister" classname="org.dhanjyothi.RegisterServiceImplTest" time="0.09">
    <failure message="expected:&lt;1&gt; but was:&lt;3&gt;" type="java.lang.AssertionError"><![CDATA[java.lang.AssertionError: expected:<1> but was:<3>
	at org.dhanjyothi.RegisterServiceImplTest.testSaveRegister(RegisterServiceImplTest.java:52)
]]></failure>
    <system-out><![CDATA[User [userId=0, userRole=null, userStatus=null, firstName=laxman, lastName=rao, dob=10/06/1991, addressLine1=chn, addressLine2=sez, city=chnn, state=tamilnadu, pin=600042, mobileNumber=9999999999, emailId=laxman@gmail.com, aadharId=123412341234, pan=ASDFG1234J, userName=laxman123, password=Asdfasdf@1, confirmPassword=null, dobProof=null, addressProof=null, aadharProof=null, panProof=null, kycDetails=null]
Hibernate: call next value for hibernate_sequence
Hibernate: insert into USER (AADHAR_ID, ADD_LINE1, ADD_LINE2, CITY, DOB, EMAIL_ID, FIRST_NAME, LAST_NAME, MOBILE_NUMBER, PAN, PASSWORD, PIN, STATE, USER_NAME, USER_ROLE, USER_STATUS, USER_ID) values (?, ?, ?, ?, ?, ?, ?, ?, ?, ?, ?, ?, ?, ?, ?, ?, ?)
Hibernate: select this_.USER_ID as USER_ID1_5_2_, this_.AADHAR_ID as AADHAR_I2_5_2_, this_.ADD_LINE1 as ADD_LINE3_5_2_, this_.ADD_LINE2 as ADD_LINE4_5_2_, this_.CITY as CITY5_5_2_, this_.DOB as DOB6_5_2_, this_.EMAIL_ID as EMAIL_ID7_5_2_, this_.FIRST_NAME as FIRST_NA8_5_2_, this_.LAST_NAME as LAST_NAM9_5_2_, this_.MOBILE_NUMBER as MOBILE_10_5_2_, this_.PAN as PAN11_5_2_, this_.PASSWORD as PASSWOR12_5_2_, this_.PIN as PIN13_5_2_, this_.STATE as STATE14_5_2_, this_.USER_NAME as USER_NA15_5_2_, this_.USER_ROLE as USER_RO16_5_2_, this_.USER_STATUS as USER_ST17_5_2_, kycdetails2_.User_USER_ID as User_USE1_6_4_, kyc3_.KYC_ID as kycDetai2_6_4_, kyc3_.KYC_ID as KYC_ID1_3_0_, kyc3_.DOC_DECRIPTION as DOC_DECR2_3_0_, kyc3_.KYC_TYPE as KYC_TYPE3_3_0_, kyc3_.user_USER_ID as user_USE4_3_0_, user4_.USER_ID as USER_ID1_5_1_, user4_.AADHAR_ID as AADHAR_I2_5_1_, user4_.ADD_LINE1 as ADD_LINE3_5_1_, user4_.ADD_LINE2 as ADD_LINE4_5_1_, user4_.CITY as CITY5_5_1_, user4_.DOB as DOB6_5_1_, user4_.EMAIL_ID as EMAIL_ID7_5_1_, user4_.FIRST_NAME as FIRST_NA8_5_1_, user4_.LAST_NAME as LAST_NAM9_5_1_, user4_.MOBILE_NUMBER as MOBILE_10_5_1_, user4_.PAN as PAN11_5_1_, user4_.PASSWORD as PASSWOR12_5_1_, user4_.PIN as PIN13_5_1_, user4_.STATE as STATE14_5_1_, user4_.USER_NAME as USER_NA15_5_1_, user4_.USER_ROLE as USER_RO16_5_1_, user4_.USER_STATUS as USER_ST17_5_1_ from USER this_ left outer join USER_KYC kycdetails2_ on this_.USER_ID=kycdetails2_.User_USER_ID left outer join KYC kyc3_ on kycdetails2_.kycDetails_KYC_ID=kyc3_.KYC_ID left outer join USER user4_ on kyc3_.user_USER_ID=user4_.USER_ID
Save Testcase3
]]></system-out>
  </testcase>
</testsuite>